<?xml version="1.0" encoding="UTF-8"?>
<!-- Generated by org.testng.reporters.JUnitXMLReporter -->
<testsuite ignored="0" hostname="DESKTOP-QN8GHH2" failures="0" tests="4" name="API Tests" time="11.497" errors="0" timestamp="2024-11-23T20:12:47 PKT">
  <testcase classname="Test_API.TestGet_Partner1" name="TC1" time="5.668"/>
  <testcase classname="Test_API.TestPost_Partner1" name="TC2" time="3.138"/>
  <testcase classname="Test_API.TestPut_Partner1" name="TC3" time="1.168"/>
  <testcase classname="Test_API.TestDelete_Partner1" name="TC4" time="1.418"/>
</testsuite> <!-- API Tests -->
