<?xml version="1.0" encoding="UTF-8"?>
<testng-results ignored="0" total="1" passed="1" failed="0" skipped="0">
  <reporter-output>
  </reporter-output>
  <suite started-at="2024-11-23T19:34:53 PKT" name="Default suite" finished-at="2024-11-23T19:34:58 PKT" duration-ms="4949">
    <groups>
    </groups>
    <test started-at="2024-11-23T19:34:53 PKT" name="Default test" finished-at="2024-11-23T19:34:58 PKT" duration-ms="4949">
      <class name="Test_API_2.TestPost_Partner2">
        <test-method signature="TC2()[pri:0, instance:Test_API_2.TestPost_Partner2@201a4587]" started-at="2024-11-23T19:34:53 PKT" name="TC2" finished-at="2024-11-23T19:34:58 PKT" duration-ms="4892" status="PASS">
          <reporter-output>
          </reporter-output>
        </test-method> <!-- TC2 -->
      </class> <!-- Test_API_2.TestPost_Partner2 -->
    </test> <!-- Default test -->
  </suite> <!-- Default suite -->
</testng-results>
