<?xml version="1.0" encoding="UTF-8"?>
<testng-results ignored="0" total="1" passed="1" failed="0" skipped="0">
  <reporter-output>
  </reporter-output>
  <suite started-at="2024-11-23T19:28:17 PKT" name="Default suite" finished-at="2024-11-23T19:28:22 PKT" duration-ms="4950">
    <groups>
    </groups>
    <test started-at="2024-11-23T19:28:17 PKT" name="Default test" finished-at="2024-11-23T19:28:22 PKT" duration-ms="4950">
      <class name="Test_API_2.TestGet_Partner2">
        <test-method signature="TC1()[pri:0, instance:Test_API_2.TestGet_Partner2@201a4587]" started-at="2024-11-23T19:28:17 PKT" name="TC1" finished-at="2024-11-23T19:28:22 PKT" duration-ms="4865" status="PASS">
          <reporter-output>
          </reporter-output>
        </test-method> <!-- TC1 -->
      </class> <!-- Test_API_2.TestGet_Partner2 -->
    </test> <!-- Default test -->
  </suite> <!-- Default suite -->
</testng-results>
